2024-04-28 18:15:44.534 [INFO] [restartedMain] [50] Starting HomieDemoApplication using Java 17.0.7 with PID 16568 (C:\master\homies\homie-demo\target\classes started by stell in C:\master\homies\homie-demo)
2024-04-28 18:15:44.540 [DEBUG] [restartedMain] [51] Running with Spring Boot v3.2.1, Spring v6.1.2
2024-04-28 18:15:44.541 [INFO] [restartedMain] [662] No active profile set, falling back to 1 default profile: "default"
2024-04-28 18:15:44.588 [INFO] [restartedMain] [252] Devtools property defaults active! Set 'spring.devtools.add-properties' to 'false' to disable
2024-04-28 18:15:44.588 [INFO] [restartedMain] [252] For additional web related logging consider setting the 'logging.level.web' property to 'DEBUG'
2024-04-28 18:15:45.157 [INFO] [restartedMain] [139] Bootstrapping Spring Data JPA repositories in DEFAULT mode.
2024-04-28 18:15:45.176 [INFO] [restartedMain] [208] Finished Spring Data repository scanning in 11 ms. Found 0 JPA repository interfaces.
2024-04-28 18:15:45.668 [INFO] [restartedMain] [109] Tomcat initialized with port 8005 (http)
2024-04-28 18:15:45.678 [INFO] [restartedMain] [173] Starting service [Tomcat]
2024-04-28 18:15:45.678 [INFO] [restartedMain] [173] Starting Servlet engine: [Apache Tomcat/10.1.17]
2024-04-28 18:15:45.731 [INFO] [restartedMain] [173] Initializing Spring embedded WebApplicationContext
2024-04-28 18:15:45.731 [INFO] [restartedMain] [296] Root WebApplicationContext: initialization completed in 1142 ms
2024-04-28 18:15:45.858 [INFO] [restartedMain] [110] HikariPool-1 - Starting...
2024-04-28 18:15:46.130 [INFO] [restartedMain] [565] HikariPool-1 - Added connection com.mysql.cj.jdbc.ConnectionImpl@634739d3
2024-04-28 18:15:46.131 [INFO] [restartedMain] [123] HikariPool-1 - Start completed.
2024-04-28 18:15:46.171 [INFO] [restartedMain] [31] HHH000204: Processing PersistenceUnitInfo [name: default]
2024-04-28 18:15:46.222 [INFO] [restartedMain] [44] HHH000412: Hibernate ORM core version 6.4.1.Final
2024-04-28 18:15:46.254 [INFO] [restartedMain] [50] HHH000026: Second-level cache disabled
2024-04-28 18:15:46.467 [INFO] [restartedMain] [87] No LoadTimeWeaver setup: ignoring JPA class transformer
2024-04-28 18:15:46.796 [INFO] [restartedMain] [58] HHH000489: No JTA platform available (set 'hibernate.transaction.jta.platform' to enable JTA platform integration)
2024-04-28 18:15:46.801 [INFO] [restartedMain] [437] Initialized JPA EntityManagerFactory for persistence unit 'default'
2024-04-28 18:15:47.043 [WARN] [restartedMain] [232] spring.jpa.open-in-view is enabled by default. Therefore, database queries may be performed during view rendering. Explicitly configure spring.jpa.open-in-view to disable this warning
2024-04-28 18:15:47.381 [INFO] [restartedMain] [59] LiveReload server is running on port 35729
2024-04-28 18:15:47.535 [INFO] [restartedMain] [241] Tomcat started on port 8005 (http) with context path '/homie-demo'
2024-04-28 18:15:47.552 [INFO] [restartedMain] [56] Started HomieDemoApplication in 3.355 seconds (process running for 4.084)
2024-04-28 18:22:09.196 [INFO] [RMI TCP Connection(17)-127.0.0.1] [159] Application shutdown requested.
2024-04-28 18:22:09.240 [INFO] [RMI TCP Connection(17)-127.0.0.1] [650] Closing JPA EntityManagerFactory for persistence unit 'default'
2024-04-28 18:22:09.282 [INFO] [RMI TCP Connection(17)-127.0.0.1] [350] HikariPool-1 - Shutdown initiated...
2024-04-28 18:22:09.308 [INFO] [RMI TCP Connection(17)-127.0.0.1] [352] HikariPool-1 - Shutdown completed.
